<?xml version="1.0" encoding="UTF-8"?>
<testsuite name="ThumbInstructionFormatParser" tests="1" skipped="0" failures="0" errors="0" timestamp="2022-06-29T07:21:49" hostname="Karns-MBP-14.cgocable.net" time="0.048">
  <properties/>
  <testcase name="test thumb instruction format parsing()" classname="ThumbInstructionFormatParser" time="0.048"/>
  <system-out><![CDATA[]]></system-out>
  <system-err><![CDATA[]]></system-err>
</testsuite>
